<?xml version="1.0" encoding="UTF-8"?>
<testsuite xmlns:xsi="http://www.w3.org/2001/XMLSchema-instance" xsi:noNamespaceSchemaLocation="https://maven.apache.org/surefire/maven-surefire-plugin/xsd/surefire-test-report.xsd" name="TestSuite" time="33.228" tests="1" errors="0" skipped="0" failures="0">
  <properties>
    <property name="gopherProxySet" value="false"/>
    <property name="awt.toolkit" value="sun.lwawt.macosx.LWCToolkit"/>
    <property name="java.specification.version" value="11"/>
    <property name="sun.cpu.isalist" value=""/>
    <property name="sun.jnu.encoding" value="UTF-8"/>
    <property name="java.class.path" value="/Users/tindzhov/IdeaProjects/aplatapus-framework/target/test-classes:/Users/tindzhov/IdeaProjects/aplatapus-framework/target/classes:/Users/tindzhov/.m2/repository/org/seleniumhq/selenium/selenium-java/3.141.59/selenium-java-3.141.59.jar:/Users/tindzhov/.m2/repository/org/seleniumhq/selenium/selenium-edge-driver/3.141.59/selenium-edge-driver-3.141.59.jar:/Users/tindzhov/.m2/repository/org/seleniumhq/selenium/selenium-firefox-driver/3.141.59/selenium-firefox-driver-3.141.59.jar:/Users/tindzhov/.m2/repository/org/seleniumhq/selenium/selenium-ie-driver/3.141.59/selenium-ie-driver-3.141.59.jar:/Users/tindzhov/.m2/repository/org/seleniumhq/selenium/selenium-opera-driver/3.141.59/selenium-opera-driver-3.141.59.jar:/Users/tindzhov/.m2/repository/org/seleniumhq/selenium/selenium-remote-driver/3.141.59/selenium-remote-driver-3.141.59.jar:/Users/tindzhov/.m2/repository/org/seleniumhq/selenium/selenium-safari-driver/3.141.59/selenium-safari-driver-3.141.59.jar:/Users/tindzhov/.m2/repository/net/bytebuddy/byte-buddy/1.8.15/byte-buddy-1.8.15.jar:/Users/tindzhov/.m2/repository/org/apache/commons/commons-exec/1.3/commons-exec-1.3.jar:/Users/tindzhov/.m2/repository/com/squareup/okio/okio/1.14.0/okio-1.14.0.jar:/Users/tindzhov/.m2/repository/org/seleniumhq/selenium/selenium-api/3.141.59/selenium-api-3.141.59.jar:/Users/tindzhov/.m2/repository/org/seleniumhq/selenium/selenium-support/3.141.59/selenium-support-3.141.59.jar:/Users/tindzhov/.m2/repository/org/seleniumhq/selenium/selenium-chrome-driver/3.141.59/selenium-chrome-driver-3.141.59.jar:/Users/tindzhov/.m2/repository/org/testng/testng/6.11/testng-6.11.jar:/Users/tindzhov/.m2/repository/com/beust/jcommander/1.64/jcommander-1.64.jar:/Users/tindzhov/.m2/repository/org/yaml/snakeyaml/1.17/snakeyaml-1.17.jar:/Users/tindzhov/.m2/repository/com/fasterxml/jackson/core/jackson-databind/2.10.3/jackson-databind-2.10.3.jar:/Users/tindzhov/.m2/repository/com/fasterxml/jackson/core/jackson-annotations/2.10.3/jackson-annotations-2.10.3.jar:/Users/tindzhov/.m2/repository/com/fasterxml/jackson/core/jackson-core/2.10.3/jackson-core-2.10.3.jar:/Users/tindzhov/.m2/repository/org/slf4j/slf4j-api/1.7.25/slf4j-api-1.7.25.jar:/Users/tindzhov/.m2/repository/org/slf4j/slf4j-log4j12/1.7.25/slf4j-log4j12-1.7.25.jar:/Users/tindzhov/.m2/repository/com/sun/jersey/jersey-client/1.17/jersey-client-1.17.jar:/Users/tindzhov/.m2/repository/com/sun/jersey/jersey-core/1.17/jersey-core-1.17.jar:/Users/tindzhov/.m2/repository/com/squareup/okhttp3/okhttp/3.10.0/okhttp-3.10.0.jar:/Users/tindzhov/.m2/repository/log4j/log4j/1.2.17/log4j-1.2.17.jar:/Users/tindzhov/.m2/repository/commons-io/commons-io/2.6/commons-io-2.6.jar:/Users/tindzhov/.m2/repository/org/apache/commons/commons-lang3/3.8.1/commons-lang3-3.8.1.jar:/Users/tindzhov/.m2/repository/org/codehaus/groovy/groovy-all/2.4.0/groovy-all-2.4.0.jar:/Users/tindzhov/.m2/repository/org/apache/jackrabbit/jackrabbit-api/2.19.3/jackrabbit-api-2.19.3.jar:/Users/tindzhov/.m2/repository/org/jetbrains/annotations/16.0.3/annotations-16.0.3.jar:/Users/tindzhov/.m2/repository/org/apache/jackrabbit/jackrabbit-core/2.19.4/jackrabbit-core-2.19.4.jar:/Users/tindzhov/.m2/repository/concurrent/concurrent/1.3.4/concurrent-1.3.4.jar:/Users/tindzhov/.m2/repository/commons-collections/commons-collections/3.2.2/commons-collections-3.2.2.jar:/Users/tindzhov/.m2/repository/commons-dbcp/commons-dbcp/1.4/commons-dbcp-1.4.jar:/Users/tindzhov/.m2/repository/commons-pool/commons-pool/1.5.4/commons-pool-1.5.4.jar:/Users/tindzhov/.m2/repository/org/apache/jackrabbit/oak-jackrabbit-api/1.16.0/oak-jackrabbit-api-1.16.0.jar:/Users/tindzhov/.m2/repository/javax/jcr/jcr/2.0/jcr-2.0.jar:/Users/tindzhov/.m2/repository/org/apache/jackrabbit/jackrabbit-jcr-commons/2.19.4/jackrabbit-jcr-commons-2.19.4.jar:/Users/tindzhov/.m2/repository/org/apache/jackrabbit/jackrabbit-data/2.19.4/jackrabbit-data-2.19.4.jar:/Users/tindzhov/.m2/repository/org/apache/jackrabbit/jackrabbit-spi-commons/2.19.4/jackrabbit-spi-commons-2.19.4.jar:/Users/tindzhov/.m2/repository/org/apache/jackrabbit/jackrabbit-spi/2.19.4/jackrabbit-spi-2.19.4.jar:/Users/tindzhov/.m2/repository/org/apache/tika/tika-core/1.22/tika-core-1.22.jar:/Users/tindzhov/.m2/repository/org/apache/lucene/lucene-core/3.6.0/lucene-core-3.6.0.jar:/Users/tindzhov/.m2/repository/org/apache/derby/derby/10.14.2.0/derby-10.14.2.0.jar:/Users/tindzhov/.m2/repository/org/slf4j/jcl-over-slf4j/1.7.26/jcl-over-slf4j-1.7.26.jar:/Users/tindzhov/.m2/repository/org/apache/jackrabbit/jackrabbit-jcr2dav/2.19.4/jackrabbit-jcr2dav-2.19.4.jar:/Users/tindzhov/.m2/repository/org/apache/jackrabbit/jackrabbit-jcr2spi/2.19.4/jackrabbit-jcr2spi-2.19.4.jar:/Users/tindzhov/.m2/repository/org/apache/jackrabbit/jackrabbit-spi2dav/2.19.4/jackrabbit-spi2dav-2.19.4.jar:/Users/tindzhov/.m2/repository/org/apache/jackrabbit/jackrabbit-webdav/2.19.4/jackrabbit-webdav-2.19.4.jar:/Users/tindzhov/.m2/repository/com/google/guava/guava/28.1-jre/guava-28.1-jre.jar:/Users/tindzhov/.m2/repository/com/google/guava/failureaccess/1.0.1/failureaccess-1.0.1.jar:/Users/tindzhov/.m2/repository/com/google/guava/listenablefuture/9999.0-empty-to-avoid-conflict-with-guava/listenablefuture-9999.0-empty-to-avoid-conflict-with-guava.jar:/Users/tindzhov/.m2/repository/com/google/code/findbugs/jsr305/3.0.2/jsr305-3.0.2.jar:/Users/tindzhov/.m2/repository/org/checkerframework/checker-qual/2.8.1/checker-qual-2.8.1.jar:/Users/tindzhov/.m2/repository/com/google/errorprone/error_prone_annotations/2.3.2/error_prone_annotations-2.3.2.jar:/Users/tindzhov/.m2/repository/com/google/j2objc/j2objc-annotations/1.3/j2objc-annotations-1.3.jar:/Users/tindzhov/.m2/repository/org/codehaus/mojo/animal-sniffer-annotations/1.18/animal-sniffer-annotations-1.18.jar:/Users/tindzhov/.m2/repository/io/github/bonigarcia/webdrivermanager/3.8.1/webdrivermanager-3.8.1.jar:/Users/tindzhov/.m2/repository/com/google/code/gson/gson/2.8.5/gson-2.8.5.jar:/Users/tindzhov/.m2/repository/org/apache/httpcomponents/httpclient/4.5.6/httpclient-4.5.6.jar:/Users/tindzhov/.m2/repository/org/apache/httpcomponents/httpcore/4.4.10/httpcore-4.4.10.jar:/Users/tindzhov/.m2/repository/commons-logging/commons-logging/1.2/commons-logging-1.2.jar:/Users/tindzhov/.m2/repository/commons-codec/commons-codec/1.10/commons-codec-1.10.jar:/Users/tindzhov/.m2/repository/org/rauschig/jarchivelib/1.0.0/jarchivelib-1.0.0.jar:/Users/tindzhov/.m2/repository/org/apache/commons/commons-compress/1.18/commons-compress-1.18.jar:/Users/tindzhov/.m2/repository/org/jsoup/jsoup/1.11.3/jsoup-1.11.3.jar:/Users/tindzhov/.m2/repository/io/rest-assured/rest-assured/4.2.0/rest-assured-4.2.0.jar:/Users/tindzhov/.m2/repository/org/codehaus/groovy/groovy/2.5.8/groovy-2.5.8.jar:/Users/tindzhov/.m2/repository/org/codehaus/groovy/groovy-xml/2.5.8/groovy-xml-2.5.8.jar:/Users/tindzhov/.m2/repository/org/apache/httpcomponents/httpmime/4.5.3/httpmime-4.5.3.jar:/Users/tindzhov/.m2/repository/org/hamcrest/hamcrest/2.1/hamcrest-2.1.jar:/Users/tindzhov/.m2/repository/org/ccil/cowan/tagsoup/tagsoup/1.2.1/tagsoup-1.2.1.jar:/Users/tindzhov/.m2/repository/io/rest-assured/json-path/4.2.0/json-path-4.2.0.jar:/Users/tindzhov/.m2/repository/org/codehaus/groovy/groovy-json/2.5.8/groovy-json-2.5.8.jar:/Users/tindzhov/.m2/repository/io/rest-assured/rest-assured-common/4.2.0/rest-assured-common-4.2.0.jar:/Users/tindzhov/.m2/repository/io/rest-assured/xml-path/4.2.0/xml-path-4.2.0.jar:/Users/tindzhov/.m2/repository/jakarta/xml/bind/jakarta.xml.bind-api/2.3.2/jakarta.xml.bind-api-2.3.2.jar:/Users/tindzhov/.m2/repository/jakarta/activation/jakarta.activation-api/1.2.1/jakarta.activation-api-1.2.1.jar:/Users/tindzhov/.m2/repository/com/sun/xml/bind/jaxb-osgi/2.3.0.1/jaxb-osgi-2.3.0.1.jar:/Users/tindzhov/.m2/repository/org/apache/sling/org.apache.sling.javax.activation/0.1.0/org.apache.sling.javax.activation-0.1.0.jar:/Users/tindzhov/.m2/repository/javax/activation/activation/1.1.1/activation-1.1.1.jar:/Users/tindzhov/.m2/repository/io/rest-assured/json-schema-validator/3.3.0/json-schema-validator-3.3.0.jar:/Users/tindzhov/.m2/repository/com/github/java-json-tools/json-schema-validator/2.2.10/json-schema-validator-2.2.10.jar:/Users/tindzhov/.m2/repository/com/github/java-json-tools/json-schema-core/1.2.10/json-schema-core-1.2.10.jar:/Users/tindzhov/.m2/repository/com/github/java-json-tools/jackson-coreutils/1.9/jackson-coreutils-1.9.jar:/Users/tindzhov/.m2/repository/com/github/fge/msg-simple/1.1/msg-simple-1.1.jar:/Users/tindzhov/.m2/repository/com/github/fge/btf/1.2/btf-1.2.jar:/Users/tindzhov/.m2/repository/com/github/fge/uri-template/0.9/uri-template-0.9.jar:/Users/tindzhov/.m2/repository/org/mozilla/rhino/1.7.7.1/rhino-1.7.7.1.jar:/Users/tindzhov/.m2/repository/javax/mail/mailapi/1.4.3/mailapi-1.4.3.jar:/Users/tindzhov/.m2/repository/joda-time/joda-time/2.9.7/joda-time-2.9.7.jar:/Users/tindzhov/.m2/repository/com/googlecode/libphonenumber/libphonenumber/8.0.0/libphonenumber-8.0.0.jar:/Users/tindzhov/.m2/repository/net/sf/jopt-simple/jopt-simple/5.0.3/jopt-simple-5.0.3.jar:/Users/tindzhov/.m2/repository/org/hamcrest/hamcrest-core/1.3/hamcrest-core-1.3.jar:/Users/tindzhov/.m2/repository/org/json/json/20180813/json-20180813.jar:/Users/tindzhov/.m2/repository/com/thoughtworks/xstream/xstream/1.4.9/xstream-1.4.9.jar:/Users/tindzhov/.m2/repository/xmlpull/xmlpull/1.1.3.1/xmlpull-1.1.3.1.jar:/Users/tindzhov/.m2/repository/xpp3/xpp3_min/1.1.4c/xpp3_min-1.1.4c.jar:/Users/tindzhov/.m2/repository/io/qameta/allure/allure-testng/2.13.5/allure-testng-2.13.5.jar:/Users/tindzhov/.m2/repository/io/qameta/allure/allure-java-commons/2.13.5/allure-java-commons-2.13.5.jar:/Users/tindzhov/.m2/repository/io/qameta/allure/allure-model/2.13.5/allure-model-2.13.5.jar:/Users/tindzhov/.m2/repository/org/jooq/joor-java-8/0.9.10/joor-java-8-0.9.10.jar:"/>
    <property name="java.vm.vendor" value="Amazon.com Inc."/>
    <property name="sun.arch.data.model" value="64"/>
    <property name="java.vendor.url" value="https://aws.amazon.com/corretto/"/>
    <property name="user.timezone" value=""/>
    <property name="java.vm.specification.version" value="11"/>
    <property name="os.name" value="Mac OS X"/>
    <property name="sun.java.launcher" value="SUN_STANDARD"/>
    <property name="user.country" value="US"/>
    <property name="sun.boot.library.path" value="/Library/Java/JavaVirtualMachines/amazon-corretto-11.jdk/Contents/Home/lib"/>
    <property name="sun.java.command" value="/Users/tindzhov/IdeaProjects/aplatapus-framework/target/surefire/surefirebooter12713993910842882391.jar /Users/tindzhov/IdeaProjects/aplatapus-framework/target/surefire 2021-03-05T11-47-50_377-jvmRun1 surefire12729330805189579602tmp surefire_06622136578792766802tmp"/>
    <property name="jdk.debug" value="release"/>
    <property name="surefire.test.class.path" value="/Users/tindzhov/IdeaProjects/aplatapus-framework/target/test-classes:/Users/tindzhov/IdeaProjects/aplatapus-framework/target/classes:/Users/tindzhov/.m2/repository/org/seleniumhq/selenium/selenium-java/3.141.59/selenium-java-3.141.59.jar:/Users/tindzhov/.m2/repository/org/seleniumhq/selenium/selenium-edge-driver/3.141.59/selenium-edge-driver-3.141.59.jar:/Users/tindzhov/.m2/repository/org/seleniumhq/selenium/selenium-firefox-driver/3.141.59/selenium-firefox-driver-3.141.59.jar:/Users/tindzhov/.m2/repository/org/seleniumhq/selenium/selenium-ie-driver/3.141.59/selenium-ie-driver-3.141.59.jar:/Users/tindzhov/.m2/repository/org/seleniumhq/selenium/selenium-opera-driver/3.141.59/selenium-opera-driver-3.141.59.jar:/Users/tindzhov/.m2/repository/org/seleniumhq/selenium/selenium-remote-driver/3.141.59/selenium-remote-driver-3.141.59.jar:/Users/tindzhov/.m2/repository/org/seleniumhq/selenium/selenium-safari-driver/3.141.59/selenium-safari-driver-3.141.59.jar:/Users/tindzhov/.m2/repository/net/bytebuddy/byte-buddy/1.8.15/byte-buddy-1.8.15.jar:/Users/tindzhov/.m2/repository/org/apache/commons/commons-exec/1.3/commons-exec-1.3.jar:/Users/tindzhov/.m2/repository/com/squareup/okio/okio/1.14.0/okio-1.14.0.jar:/Users/tindzhov/.m2/repository/org/seleniumhq/selenium/selenium-api/3.141.59/selenium-api-3.141.59.jar:/Users/tindzhov/.m2/repository/org/seleniumhq/selenium/selenium-support/3.141.59/selenium-support-3.141.59.jar:/Users/tindzhov/.m2/repository/org/seleniumhq/selenium/selenium-chrome-driver/3.141.59/selenium-chrome-driver-3.141.59.jar:/Users/tindzhov/.m2/repository/org/testng/testng/6.11/testng-6.11.jar:/Users/tindzhov/.m2/repository/com/beust/jcommander/1.64/jcommander-1.64.jar:/Users/tindzhov/.m2/repository/org/yaml/snakeyaml/1.17/snakeyaml-1.17.jar:/Users/tindzhov/.m2/repository/com/fasterxml/jackson/core/jackson-databind/2.10.3/jackson-databind-2.10.3.jar:/Users/tindzhov/.m2/repository/com/fasterxml/jackson/core/jackson-annotations/2.10.3/jackson-annotations-2.10.3.jar:/Users/tindzhov/.m2/repository/com/fasterxml/jackson/core/jackson-core/2.10.3/jackson-core-2.10.3.jar:/Users/tindzhov/.m2/repository/org/slf4j/slf4j-api/1.7.25/slf4j-api-1.7.25.jar:/Users/tindzhov/.m2/repository/org/slf4j/slf4j-log4j12/1.7.25/slf4j-log4j12-1.7.25.jar:/Users/tindzhov/.m2/repository/com/sun/jersey/jersey-client/1.17/jersey-client-1.17.jar:/Users/tindzhov/.m2/repository/com/sun/jersey/jersey-core/1.17/jersey-core-1.17.jar:/Users/tindzhov/.m2/repository/com/squareup/okhttp3/okhttp/3.10.0/okhttp-3.10.0.jar:/Users/tindzhov/.m2/repository/log4j/log4j/1.2.17/log4j-1.2.17.jar:/Users/tindzhov/.m2/repository/commons-io/commons-io/2.6/commons-io-2.6.jar:/Users/tindzhov/.m2/repository/org/apache/commons/commons-lang3/3.8.1/commons-lang3-3.8.1.jar:/Users/tindzhov/.m2/repository/org/codehaus/groovy/groovy-all/2.4.0/groovy-all-2.4.0.jar:/Users/tindzhov/.m2/repository/org/apache/jackrabbit/jackrabbit-api/2.19.3/jackrabbit-api-2.19.3.jar:/Users/tindzhov/.m2/repository/org/jetbrains/annotations/16.0.3/annotations-16.0.3.jar:/Users/tindzhov/.m2/repository/org/apache/jackrabbit/jackrabbit-core/2.19.4/jackrabbit-core-2.19.4.jar:/Users/tindzhov/.m2/repository/concurrent/concurrent/1.3.4/concurrent-1.3.4.jar:/Users/tindzhov/.m2/repository/commons-collections/commons-collections/3.2.2/commons-collections-3.2.2.jar:/Users/tindzhov/.m2/repository/commons-dbcp/commons-dbcp/1.4/commons-dbcp-1.4.jar:/Users/tindzhov/.m2/repository/commons-pool/commons-pool/1.5.4/commons-pool-1.5.4.jar:/Users/tindzhov/.m2/repository/org/apache/jackrabbit/oak-jackrabbit-api/1.16.0/oak-jackrabbit-api-1.16.0.jar:/Users/tindzhov/.m2/repository/javax/jcr/jcr/2.0/jcr-2.0.jar:/Users/tindzhov/.m2/repository/org/apache/jackrabbit/jackrabbit-jcr-commons/2.19.4/jackrabbit-jcr-commons-2.19.4.jar:/Users/tindzhov/.m2/repository/org/apache/jackrabbit/jackrabbit-data/2.19.4/jackrabbit-data-2.19.4.jar:/Users/tindzhov/.m2/repository/org/apache/jackrabbit/jackrabbit-spi-commons/2.19.4/jackrabbit-spi-commons-2.19.4.jar:/Users/tindzhov/.m2/repository/org/apache/jackrabbit/jackrabbit-spi/2.19.4/jackrabbit-spi-2.19.4.jar:/Users/tindzhov/.m2/repository/org/apache/tika/tika-core/1.22/tika-core-1.22.jar:/Users/tindzhov/.m2/repository/org/apache/lucene/lucene-core/3.6.0/lucene-core-3.6.0.jar:/Users/tindzhov/.m2/repository/org/apache/derby/derby/10.14.2.0/derby-10.14.2.0.jar:/Users/tindzhov/.m2/repository/org/slf4j/jcl-over-slf4j/1.7.26/jcl-over-slf4j-1.7.26.jar:/Users/tindzhov/.m2/repository/org/apache/jackrabbit/jackrabbit-jcr2dav/2.19.4/jackrabbit-jcr2dav-2.19.4.jar:/Users/tindzhov/.m2/repository/org/apache/jackrabbit/jackrabbit-jcr2spi/2.19.4/jackrabbit-jcr2spi-2.19.4.jar:/Users/tindzhov/.m2/repository/org/apache/jackrabbit/jackrabbit-spi2dav/2.19.4/jackrabbit-spi2dav-2.19.4.jar:/Users/tindzhov/.m2/repository/org/apache/jackrabbit/jackrabbit-webdav/2.19.4/jackrabbit-webdav-2.19.4.jar:/Users/tindzhov/.m2/repository/com/google/guava/guava/28.1-jre/guava-28.1-jre.jar:/Users/tindzhov/.m2/repository/com/google/guava/failureaccess/1.0.1/failureaccess-1.0.1.jar:/Users/tindzhov/.m2/repository/com/google/guava/listenablefuture/9999.0-empty-to-avoid-conflict-with-guava/listenablefuture-9999.0-empty-to-avoid-conflict-with-guava.jar:/Users/tindzhov/.m2/repository/com/google/code/findbugs/jsr305/3.0.2/jsr305-3.0.2.jar:/Users/tindzhov/.m2/repository/org/checkerframework/checker-qual/2.8.1/checker-qual-2.8.1.jar:/Users/tindzhov/.m2/repository/com/google/errorprone/error_prone_annotations/2.3.2/error_prone_annotations-2.3.2.jar:/Users/tindzhov/.m2/repository/com/google/j2objc/j2objc-annotations/1.3/j2objc-annotations-1.3.jar:/Users/tindzhov/.m2/repository/org/codehaus/mojo/animal-sniffer-annotations/1.18/animal-sniffer-annotations-1.18.jar:/Users/tindzhov/.m2/repository/io/github/bonigarcia/webdrivermanager/3.8.1/webdrivermanager-3.8.1.jar:/Users/tindzhov/.m2/repository/com/google/code/gson/gson/2.8.5/gson-2.8.5.jar:/Users/tindzhov/.m2/repository/org/apache/httpcomponents/httpclient/4.5.6/httpclient-4.5.6.jar:/Users/tindzhov/.m2/repository/org/apache/httpcomponents/httpcore/4.4.10/httpcore-4.4.10.jar:/Users/tindzhov/.m2/repository/commons-logging/commons-logging/1.2/commons-logging-1.2.jar:/Users/tindzhov/.m2/repository/commons-codec/commons-codec/1.10/commons-codec-1.10.jar:/Users/tindzhov/.m2/repository/org/rauschig/jarchivelib/1.0.0/jarchivelib-1.0.0.jar:/Users/tindzhov/.m2/repository/org/apache/commons/commons-compress/1.18/commons-compress-1.18.jar:/Users/tindzhov/.m2/repository/org/jsoup/jsoup/1.11.3/jsoup-1.11.3.jar:/Users/tindzhov/.m2/repository/io/rest-assured/rest-assured/4.2.0/rest-assured-4.2.0.jar:/Users/tindzhov/.m2/repository/org/codehaus/groovy/groovy/2.5.8/groovy-2.5.8.jar:/Users/tindzhov/.m2/repository/org/codehaus/groovy/groovy-xml/2.5.8/groovy-xml-2.5.8.jar:/Users/tindzhov/.m2/repository/org/apache/httpcomponents/httpmime/4.5.3/httpmime-4.5.3.jar:/Users/tindzhov/.m2/repository/org/hamcrest/hamcrest/2.1/hamcrest-2.1.jar:/Users/tindzhov/.m2/repository/org/ccil/cowan/tagsoup/tagsoup/1.2.1/tagsoup-1.2.1.jar:/Users/tindzhov/.m2/repository/io/rest-assured/json-path/4.2.0/json-path-4.2.0.jar:/Users/tindzhov/.m2/repository/org/codehaus/groovy/groovy-json/2.5.8/groovy-json-2.5.8.jar:/Users/tindzhov/.m2/repository/io/rest-assured/rest-assured-common/4.2.0/rest-assured-common-4.2.0.jar:/Users/tindzhov/.m2/repository/io/rest-assured/xml-path/4.2.0/xml-path-4.2.0.jar:/Users/tindzhov/.m2/repository/jakarta/xml/bind/jakarta.xml.bind-api/2.3.2/jakarta.xml.bind-api-2.3.2.jar:/Users/tindzhov/.m2/repository/jakarta/activation/jakarta.activation-api/1.2.1/jakarta.activation-api-1.2.1.jar:/Users/tindzhov/.m2/repository/com/sun/xml/bind/jaxb-osgi/2.3.0.1/jaxb-osgi-2.3.0.1.jar:/Users/tindzhov/.m2/repository/org/apache/sling/org.apache.sling.javax.activation/0.1.0/org.apache.sling.javax.activation-0.1.0.jar:/Users/tindzhov/.m2/repository/javax/activation/activation/1.1.1/activation-1.1.1.jar:/Users/tindzhov/.m2/repository/io/rest-assured/json-schema-validator/3.3.0/json-schema-validator-3.3.0.jar:/Users/tindzhov/.m2/repository/com/github/java-json-tools/json-schema-validator/2.2.10/json-schema-validator-2.2.10.jar:/Users/tindzhov/.m2/repository/com/github/java-json-tools/json-schema-core/1.2.10/json-schema-core-1.2.10.jar:/Users/tindzhov/.m2/repository/com/github/java-json-tools/jackson-coreutils/1.9/jackson-coreutils-1.9.jar:/Users/tindzhov/.m2/repository/com/github/fge/msg-simple/1.1/msg-simple-1.1.jar:/Users/tindzhov/.m2/repository/com/github/fge/btf/1.2/btf-1.2.jar:/Users/tindzhov/.m2/repository/com/github/fge/uri-template/0.9/uri-template-0.9.jar:/Users/tindzhov/.m2/repository/org/mozilla/rhino/1.7.7.1/rhino-1.7.7.1.jar:/Users/tindzhov/.m2/repository/javax/mail/mailapi/1.4.3/mailapi-1.4.3.jar:/Users/tindzhov/.m2/repository/joda-time/joda-time/2.9.7/joda-time-2.9.7.jar:/Users/tindzhov/.m2/repository/com/googlecode/libphonenumber/libphonenumber/8.0.0/libphonenumber-8.0.0.jar:/Users/tindzhov/.m2/repository/net/sf/jopt-simple/jopt-simple/5.0.3/jopt-simple-5.0.3.jar:/Users/tindzhov/.m2/repository/org/hamcrest/hamcrest-core/1.3/hamcrest-core-1.3.jar:/Users/tindzhov/.m2/repository/org/json/json/20180813/json-20180813.jar:/Users/tindzhov/.m2/repository/com/thoughtworks/xstream/xstream/1.4.9/xstream-1.4.9.jar:/Users/tindzhov/.m2/repository/xmlpull/xmlpull/1.1.3.1/xmlpull-1.1.3.1.jar:/Users/tindzhov/.m2/repository/xpp3/xpp3_min/1.1.4c/xpp3_min-1.1.4c.jar:/Users/tindzhov/.m2/repository/io/qameta/allure/allure-testng/2.13.5/allure-testng-2.13.5.jar:/Users/tindzhov/.m2/repository/io/qameta/allure/allure-java-commons/2.13.5/allure-java-commons-2.13.5.jar:/Users/tindzhov/.m2/repository/io/qameta/allure/allure-model/2.13.5/allure-model-2.13.5.jar:/Users/tindzhov/.m2/repository/org/jooq/joor-java-8/0.9.10/joor-java-8-0.9.10.jar:"/>
    <property name="sun.cpu.endian" value="little"/>
    <property name="user.home" value="/Users/tindzhov"/>
    <property name="user.language" value="en"/>
    <property name="java.specification.vendor" value="Oracle Corporation"/>
    <property name="java.version.date" value="2019-10-15"/>
    <property name="java.home" value="/Library/Java/JavaVirtualMachines/amazon-corretto-11.jdk/Contents/Home"/>
    <property name="file.separator" value="/"/>
    <property name="basedir" value="/Users/tindzhov/IdeaProjects/aplatapus-framework"/>
    <property name="java.vm.compressedOopsMode" value="Zero based"/>
    <property name="line.separator" value="&#10;"/>
    <property name="java.specification.name" value="Java Platform API Specification"/>
    <property name="java.vm.specification.vendor" value="Oracle Corporation"/>
    <property name="java.awt.graphicsenv" value="sun.awt.CGraphicsEnvironment"/>
    <property name="surefire.real.class.path" value="/Users/tindzhov/IdeaProjects/aplatapus-framework/target/surefire/surefirebooter12713993910842882391.jar"/>
    <property name="sun.management.compiler" value="HotSpot 64-Bit Tiered Compilers"/>
    <property name="java.runtime.version" value="11.0.5+10-LTS"/>
    <property name="user.name" value="tindzhov"/>
    <property name="path.separator" value=":"/>
    <property name="os.version" value="10.14.6"/>
    <property name="java.runtime.name" value="OpenJDK Runtime Environment"/>
    <property name="file.encoding" value="UTF-8"/>
    <property name="java.vm.name" value="OpenJDK 64-Bit Server VM"/>
    <property name="java.vendor.version" value="Corretto-11.0.5.10.2"/>
    <property name="localRepository" value="/Users/tindzhov/.m2/repository"/>
    <property name="java.vendor.url.bug" value="https://github.com/corretto/corretto-11/issues/"/>
    <property name="java.io.tmpdir" value="/var/folders/cp/x19f40qd5sqbjgqyq1qxydzh0000gp/T/"/>
    <property name="idea.version" value="2020.2.2"/>
    <property name="java.version" value="11.0.5"/>
    <property name="user.dir" value="/Users/tindzhov/IdeaProjects/aplatapus-framework"/>
    <property name="os.arch" value="x86_64"/>
    <property name="java.vm.specification.name" value="Java Virtual Machine Specification"/>
    <property name="java.awt.printerjob" value="sun.lwawt.macosx.CPrinterJob"/>
    <property name="sun.os.patch.level" value="unknown"/>
    <property name="java.library.path" value="/Users/tindzhov/Library/Java/Extensions:/Library/Java/Extensions:/Network/Library/Java/Extensions:/System/Library/Java/Extensions:/usr/lib/java:."/>
    <property name="java.vendor" value="Amazon.com Inc."/>
    <property name="java.vm.info" value="mixed mode"/>
    <property name="java.vm.version" value="11.0.5+10-LTS"/>
    <property name="sun.io.unicode.encoding" value="UnicodeBig"/>
    <property name="java.class.version" value="55.0"/>
  </properties>
  <testcase name="getName" classname="com.api.agify.AgifyTest" time="2.001"/>
</testsuite>