<?xml version="1.0" encoding="UTF-8"?>
<!-- Generated by org.testng.reporters.JUnitReportReporter -->
<testsuite hostname="tindzhov-mbp" failures="0" tests="1" name="com.api.agify.AgifyTest" time="32.051" errors="0" timestamp="05 Mar 2021 09:48:24 GMT" skipped="0">
  <testcase classname="com.api.agify.AgifyTest" name="getName" time="32.051"/>
</testsuite> <!-- com.api.agify.AgifyTest -->
