<?xml version="1.0" encoding="UTF-8"?>
<!-- Generated by org.testng.reporters.JUnitReportReporter -->
<testsuite hostname="tindzhov-mbp" failures="0" tests="1" name="com.api.agify.AgifyTest" time="35.568" errors="0" timestamp="04 Mar 2021 22:10:35 GMT" skipped="0">
  <testcase classname="com.api.agify.AgifyTest" name="getName" time="35.568"/>
</testsuite> <!-- com.api.agify.AgifyTest -->
